[INFO] 02:53:03:885 LOG CONSOLA/(13076:13076): # CONSOLA # 
[INFO] 02:53:03:885 LOG CONSOLA/(13076:13076): Datos leidos:
[INFO] 02:53:03:885 LOG CONSOLA/(13076:13076): Ip asignada: 127.0.0.1
[INFO] 02:53:03:885 LOG CONSOLA/(13076:13076): Puerto asignada: 8000
[INFO] 02:53:03:886 LOG CONSOLA/(13076:13076): Tamanio de Direcciones del Proceso: 512
[INFO] 02:53:03:886 LOG CONSOLA/(13076:13076): Largo de Lista de Instrucciones: 39 
[INFO] 02:53:03:886 LOG CONSOLA/(13076:13076): Lista de Instrucciones:
NO_OP 5
WRITE 4 2
READ 4
COPY 1 4
EXIT 
FIN LISTA
[INFO] 02:53:03:886 LOG CONSOLA/(13076:13076): Tamanio enviado del paquete: 55
[INFO] 02:53:03:886 LOG CONSOLA/(13076:13076): Datos enviados, esperando respuesta de Kernel...
[INFO] 02:53:20:991 LOG CONSOLA/(13076:13076): FINALIZACION OK
[INFO] 02:53:30:120 LOG CONSOLA/(13124:13124): # CONSOLA # 
[INFO] 02:53:30:120 LOG CONSOLA/(13124:13124): Datos leidos:
[INFO] 02:53:30:121 LOG CONSOLA/(13124:13124): Ip asignada: 127.0.0.1
[INFO] 02:53:30:122 LOG CONSOLA/(13124:13124): Puerto asignada: 8000
[INFO] 02:53:30:122 LOG CONSOLA/(13124:13124): Tamanio de Direcciones del Proceso: 512
[INFO] 02:53:30:122 LOG CONSOLA/(13124:13124): Largo de Lista de Instrucciones: 39 
[INFO] 02:53:30:123 LOG CONSOLA/(13124:13124): Lista de Instrucciones:
NO_OP 5
WRITE 4 2
READ 4
COPY 1 4
EXIT 
FIN LISTA
[INFO] 02:53:30:124 LOG CONSOLA/(13124:13124): Tamanio enviado del paquete: 55
[INFO] 02:53:30:125 LOG CONSOLA/(13124:13124): Datos enviados, esperando respuesta de Kernel...
[INFO] 02:53:47:144 LOG CONSOLA/(13124:13124): FINALIZACION OK
[INFO] 02:53:54:182 LOG CONSOLA/(13165:13165): # CONSOLA # 
[INFO] 02:53:54:182 LOG CONSOLA/(13165:13165): Datos leidos:
[INFO] 02:53:54:182 LOG CONSOLA/(13165:13165): Ip asignada: 127.0.0.1
[INFO] 02:53:54:182 LOG CONSOLA/(13165:13165): Puerto asignada: 8000
[INFO] 02:53:54:182 LOG CONSOLA/(13165:13165): Tamanio de Direcciones del Proceso: 512
[INFO] 02:53:54:183 LOG CONSOLA/(13165:13165): Largo de Lista de Instrucciones: 125 
[INFO] 02:53:54:184 LOG CONSOLA/(13165:13165): Lista de Instrucciones:
NO_OP 2
NO_OP 2
NO_OP 2
NO_OP 2
NO_OP 2
NO_OP 2
NO_OP 2
NO_OP 2
NO_OP 2
NO_OP 2
NO_OP 2
NO_OP 2
NO_OP 2
NO_OP 2
NO_OP 2
EXIT 
FIN LISTA
[INFO] 02:53:54:184 LOG CONSOLA/(13165:13165): Tamanio enviado del paquete: 141
[INFO] 02:53:54:185 LOG CONSOLA/(13165:13165): Datos enviados, esperando respuesta de Kernel...
[INFO] 02:54:28:215 LOG CONSOLA/(13165:13165): FINALIZACION OK
[INFO] 02:56:09:919 LOG CONSOLA/(13394:13394): # CONSOLA # 
[INFO] 02:56:09:919 LOG CONSOLA/(13394:13394): Datos leidos:
[INFO] 02:56:09:919 LOG CONSOLA/(13394:13394): Ip asignada: 127.0.0.1
[INFO] 02:56:09:919 LOG CONSOLA/(13394:13394): Puerto asignada: 8000
[INFO] 02:56:09:920 LOG CONSOLA/(13394:13394): Tamanio de Direcciones del Proceso: 300
[INFO] 02:56:09:920 LOG CONSOLA/(13394:13394): Largo de Lista de Instrucciones: 30 
[INFO] 02:56:09:921 LOG CONSOLA/(13394:13394): Lista de Instrucciones:
NO_OP 5
I/O 3000
NO_OP 3
EXIT 
FIN LISTA
[INFO] 02:56:09:921 LOG CONSOLA/(13394:13394): Tamanio enviado del paquete: 46
[INFO] 02:56:09:922 LOG CONSOLA/(13394:13394): Datos enviados, esperando respuesta de Kernel...
[INFO] 02:56:09:980 LOG CONSOLA/(13398:13398): # CONSOLA # 
[INFO] 02:56:09:980 LOG CONSOLA/(13398:13398): Datos leidos:
[INFO] 02:56:09:981 LOG CONSOLA/(13398:13398): Ip asignada: 127.0.0.1
[INFO] 02:56:09:981 LOG CONSOLA/(13398:13398): Puerto asignada: 8000
[INFO] 02:56:09:981 LOG CONSOLA/(13398:13398): Tamanio de Direcciones del Proceso: 300
[INFO] 02:56:09:981 LOG CONSOLA/(13398:13398): Largo de Lista de Instrucciones: 13 
[INFO] 02:56:09:981 LOG CONSOLA/(13398:13398): Lista de Instrucciones:
NO_OP 5
EXIT 
FIN LISTA
[INFO] 02:56:09:988 LOG CONSOLA/(13398:13398): Tamanio enviado del paquete: 29
[INFO] 02:56:09:988 LOG CONSOLA/(13398:13398): Datos enviados, esperando respuesta de Kernel...
[INFO] 02:56:10:014 LOG CONSOLA/(13399:13399): # CONSOLA # 
[INFO] 02:56:10:014 LOG CONSOLA/(13399:13399): Datos leidos:
[INFO] 02:56:10:014 LOG CONSOLA/(13399:13399): Ip asignada: 127.0.0.1
[INFO] 02:56:10:014 LOG CONSOLA/(13399:13399): Puerto asignada: 8000
[INFO] 02:56:10:014 LOG CONSOLA/(13399:13399): Tamanio de Direcciones del Proceso: 300
[INFO] 02:56:10:015 LOG CONSOLA/(13399:13399): Largo de Lista de Instrucciones: 13 
[INFO] 02:56:10:015 LOG CONSOLA/(13399:13399): Lista de Instrucciones:
NO_OP 5
EXIT 
FIN LISTA
[INFO] 02:56:10:015 LOG CONSOLA/(13399:13399): Tamanio enviado del paquete: 29
[INFO] 02:56:10:020 LOG CONSOLA/(13399:13399): Datos enviados, esperando respuesta de Kernel...
[INFO] 02:56:23:937 LOG CONSOLA/(13398:13398): FINALIZACION OK
[INFO] 02:56:30:943 LOG CONSOLA/(13399:13399): FINALIZACION OK
[INFO] 02:56:35:952 LOG CONSOLA/(13394:13394): FINALIZACION OK
